{
  "RSpec": {
    "coverage": {
      "/Users/rosannehoyem/Development/code/code-challenges/photo-contest/app/models/contest.rb": [
        1,
        1,
        1,
        1,
        1,
        null,
        1,
        0,
        0,
        0,
        0,
        0,
        null,
        null,
        1,
        0,
        0,
        0,
        0,
        null,
        null,
        null,
        null,
        null,
        null,
        null,
        null,
        1,
        0,
        0,
        0,
        0,
        null,
        null,
        1,
        null,
        null,
        null,
        1,
        null,
        null,
        null,
        null,
        null
      ],
      "/Users/rosannehoyem/Development/code/code-challenges/photo-contest/app/models/image.rb": [
        1,
        1,
        1,
        1,
        null,
        null
      ],
      "/Users/rosannehoyem/Development/code/code-challenges/photo-contest/app/models/round.rb": [
        1,
        1,
        1,
        null,
        1,
        null,
        null,
        null,
        1,
        null,
        null,
        null,
        null
      ]
    },
    "timestamp": 1392486293
  }
}
